[debug] [2024-09-29T17:14:14.312Z] ----------------------------------------------------------------------
[debug] [2024-09-29T17:14:14.314Z] Command:       C:\Program Files\nodejs\node.exe C:\Program Files\nodejs\node_modules\firebase-tools\lib\bin\firebase.js init
[debug] [2024-09-29T17:14:14.315Z] CLI Version:   13.20.1
[debug] [2024-09-29T17:14:14.315Z] Platform:      win32
[debug] [2024-09-29T17:14:14.315Z] Node Version:  v18.19.0
[debug] [2024-09-29T17:14:14.317Z] Time:          Sun Sep 29 2024 22:44:14 GMT+0530 (India Standard Time)
[debug] [2024-09-29T17:14:14.317Z] ----------------------------------------------------------------------
[debug] 
[debug] [2024-09-29T17:14:14.395Z] > command requires scopes: ["email","openid","https://www.googleapis.com/auth/cloudplatformprojects.readonly","https://www.googleapis.com/auth/firebase","https://www.googleapis.com/auth/cloud-platform"]
[debug] [2024-09-29T17:14:14.395Z] > authorizing via signed-in user (nilesh.shekhar1@gmail.com)
[info] 
     ######## #### ########  ######## ########     ###     ######  ########
     ##        ##  ##     ## ##       ##     ##  ##   ##  ##       ##
     ######    ##  ########  ######   ########  #########  ######  ######
     ##        ##  ##    ##  ##       ##     ## ##     ##       ## ##
     ##       #### ##     ## ######## ########  ##     ##  ######  ########

You're about to initialize a Firebase project in this directory:

  D:\family-tree-app

Before we get started, keep in mind:

  * You are initializing within an existing Firebase project directory

